<?xml version="1.0" encoding="UTF-8"?>
<!-- Generated by org.testng.reporters.JUnitReportReporter -->
<testsuite hostname="USGURMOFANA678" failures="0" tests="2" name="FrameworkDesign.Tests.submitOrderTest" time="18.087" errors="0" timestamp="05 Jan 2023 04:07:05 GMT" skipped="0">
  <testcase classname="FrameworkDesign.Tests.submitOrderTest" name="submitOrder" time="9.036"/>
  <testcase classname="FrameworkDesign.Tests.submitOrderTest" name="orderHistoryTest" time="9.051"/>
</testsuite> <!-- FrameworkDesign.Tests.submitOrderTest -->
